0 info it worked if it ends with ok
1 verbose cli [
1 verbose cli   'C:\\Program Files\\nodejs\\node.exe',
1 verbose cli   'C:\\Program Files\\nodejs\\node_modules\\npm\\bin\\npm-cli.js',
1 verbose cli   'run',
1 verbose cli   'dev'
1 verbose cli ]
2 info using npm@6.14.18
3 info using node@v14.21.3
4 verbose run-script [ 'predev', 'dev', 'postdev' ]
5 info lifecycle nrnm141661-version-upgrade-app@1.0.0~predev: nrnm141661-version-upgrade-app@1.0.0
6 info lifecycle nrnm141661-version-upgrade-app@1.0.0~dev: nrnm141661-version-upgrade-app@1.0.0
7 verbose lifecycle nrnm141661-version-upgrade-app@1.0.0~dev: unsafe-perm in lifecycle true
8 verbose lifecycle nrnm141661-version-upgrade-app@1.0.0~dev: PATH: C:\Program Files\nodejs\node_modules\npm\node_modules\npm-lifecycle\node-gyp-bin;C:\Users\V00554\Downloads\nrnm141661-version-upgrade-app\node_modules\.bin;C:\Users\V00554\bin;C:\Program Files\Git\mingw64\bin;C:\Program Files\Git\usr\local\bin;C:\Program Files\Git\usr\bin;C:\Program Files\Git\usr\bin;C:\Program Files\Git\mingw64\bin;C:\Program Files\Git\usr\bin;C:\Users\V00554\bin;C:\Python314\Scripts;C:\Python314;C:\Python312\Scripts;C:\Python312;C:\Program Files\Python312\Scripts;C:\Program Files\Python312;C:\app\Admin\product\21c\dbhomeXE\bin;C:\WINDOWS\system32;C:\WINDOWS;C:\WINDOWS\System32\Wbem;C:\WINDOWS\System32\WindowsPowerShell\v1.0;C:\WINDOWS\System32\OpenSSH;C:\Program Files\Java\jdk-17.0.10\bin;C:\Program Files\apache-maven-3.9.6\bin;C:\Program Files\gradle-8.10.2\bin;C:\Program Files\Git\cmd;C:\Program Files\Docker\Docker\resources\bin;C:\Program Files\Amazon\AWSCLIV2;C:\Program Files\Go\bin;C:\Users\V00554\AppData\Local\nvm;C:\Users\V00554\AppData\Local\nodejs;C:\Program Files\nodejs;C:\Program Files\MongoDB\Server\3.6\bin;C:\Users\V00554\AppData\Local\Programs\Python\Launcher;C:\Windows\system32\config\systemprofile\AppData\Local\Microsoft\WindowsApps;C:\Users\V00554\AppData\Local\Programs\Git\cmd;C:\Users\V00554\AppData\Local\Programs\Lens\resources\cli\bin;C:\Users\V00554\AppData\Local\Microsoft\WindowsApps;C:\Users\V00554\AppData\Local\JetBrains\IntelliJ IDEA 2024.2.3\bin;C:\Users\V00554\AppData\Local\Programs\Microsoft VS Code\bin;C:\Users\V00554\go\bin;C:\Users\V00554\AppData\Local\nvm;C:\Users\V00554\AppData\Local\nodejs;C:\Users\V00554\AppData\Roaming\npm;C:\Program Files\Git\usr\bin\vendor_perl;C:\Program Files\Git\usr\bin\core_perl
9 verbose lifecycle nrnm141661-version-upgrade-app@1.0.0~dev: CWD: C:\Users\V00554\Downloads\nrnm141661-version-upgrade-app
10 silly lifecycle nrnm141661-version-upgrade-app@1.0.0~dev: Args: [ '/d /s /c', 'node server/services/server.js' ]
11 silly lifecycle nrnm141661-version-upgrade-app@1.0.0~dev: Returned: code: 1  signal: null
12 info lifecycle nrnm141661-version-upgrade-app@1.0.0~dev: Failed to exec dev script
13 verbose stack Error: nrnm141661-version-upgrade-app@1.0.0 dev: `node server/services/server.js`
13 verbose stack Exit status 1
13 verbose stack     at EventEmitter.<anonymous> (C:\Program Files\nodejs\node_modules\npm\node_modules\npm-lifecycle\index.js:332:16)
13 verbose stack     at EventEmitter.emit (events.js:400:28)
13 verbose stack     at ChildProcess.<anonymous> (C:\Program Files\nodejs\node_modules\npm\node_modules\npm-lifecycle\lib\spawn.js:55:14)
13 verbose stack     at ChildProcess.emit (events.js:400:28)
13 verbose stack     at maybeClose (internal/child_process.js:1088:16)
13 verbose stack     at Process.ChildProcess._handle.onexit (internal/child_process.js:296:5)
14 verbose pkgid nrnm141661-version-upgrade-app@1.0.0
15 verbose cwd C:\Users\V00554\Downloads\nrnm141661-version-upgrade-app
16 verbose Windows_NT 10.0.22631
17 verbose argv "C:\\Program Files\\nodejs\\node.exe" "C:\\Program Files\\nodejs\\node_modules\\npm\\bin\\npm-cli.js" "run" "dev"
18 verbose node v14.21.3
19 verbose npm  v6.14.18
20 error code ELIFECYCLE
21 error errno 1
22 error nrnm141661-version-upgrade-app@1.0.0 dev: `node server/services/server.js`
22 error Exit status 1
23 error Failed at the nrnm141661-version-upgrade-app@1.0.0 dev script.
23 error This is probably not a problem with npm. There is likely additional logging output above.
24 verbose exit [ 1, true ]
